2025-10-20 10:12:29,455 - INFO - Project File Monitor started
2025-10-20 10:13:57,950 - INFO - Project File Monitor started
2025-10-20 11:57:09,039 - INFO - Project File Monitor started
2025-10-20 11:59:31,240 - INFO - JOB:35154 | DELETED | 4. Drafting\Systems\21-2709 EQUIPMENT LAYOUT.bak | File removed from project
2025-10-20 11:59:51,375 - INFO - JOB:35042 | NEW | 1. Sales\Order\plot.log | New file (0.2 KB)
2025-10-20 11:59:51,377 - INFO - JOB:35042 | NEW | 1. Sales\Order\plot.log | New file (0.2 KB)
2025-10-20 11:59:57,357 - INFO - JOB:35042 | NEW | 3. Engineering\General Design\Heater Design - 35042 - Whitewater Processing - West Harrison, IN.xlsx | New file (318.0 KB)
2025-10-20 11:59:57,357 - INFO - JOB:35042 | NEW | 3. Engineering\General Design\Heater Design - 35042 - Whitewater Processing - West Harrison, IN.xlsx | New file (318.0 KB)
2025-10-20 11:59:58,113 - INFO - JOB:35042 | NEW | 3. Engineering\General Design\Nozzle Selection - 35042 - Whitewater Processing - West Harrison, IN - SCF70W (720-03-056).xlsx | New file (27.0 KB)
2025-10-20 11:59:58,114 - INFO - JOB:35042 | NEW | 3. Engineering\General Design\Nozzle Selection - 35042 - Whitewater Processing - West Harrison, IN - SCF70W (720-03-056).xlsx | New file (27.0 KB)
2025-10-20 11:59:58,829 - INFO - JOB:35042 | NEW | 3. Engineering\General Design\NPSH Calculations (HDP) - 35042 - Whitewater Processing - West Harrison, IN - NPSH Ratio 4.11.xlsx | New file (35.0 KB)
2025-10-20 11:59:58,858 - INFO - JOB:35042 | NEW | 3. Engineering\General Design\NPSH Calculations (HDP) - 35042 - Whitewater Processing - West Harrison, IN - NPSH Ratio 4.11.xlsx | New file (35.0 KB)
2025-10-20 12:00:00,004 - INFO - JOB:35042 | NEW | 3. Engineering\General Design\Pump Selection (HDP) - CRN 45-1-1.pdf | New file (680.1 KB)
2025-10-20 12:00:00,019 - INFO - JOB:35042 | NEW | 3. Engineering\General Design\Pump Selection (HDP) - CRN 45-1-1.pdf | New file (680.1 KB)
2025-10-20 12:00:01,207 - INFO - JOB:35042 | NEW | 3. Engineering\General Design\Pump Selection (HWP) - CRN 45-2-2.pdf | New file (685.6 KB)
2025-10-20 12:00:01,208 - INFO - JOB:35042 | NEW | 3. Engineering\General Design\Pump Selection (HWP) - CRN 45-2-2.pdf | New file (685.6 KB)
2025-10-20 12:00:01,907 - INFO - JOB:35042 | NEW | 3. Engineering\General Design\WIP - NPSH Calculations (HWP) - 35042 - Whitewater Processing - West Harrison, IN.xlsx | New file (35.0 KB)
2025-10-20 12:00:01,908 - INFO - JOB:35042 | NEW | 3. Engineering\General Design\WIP - NPSH Calculations (HWP) - 35042 - Whitewater Processing - West Harrison, IN.xlsx | New file (35.0 KB)
2025-10-20 12:00:04,365 - INFO - JOB:35042 | NEW | 3. Engineering\Releases\Heater Release v2.23 - 35042 - Whitewater Processing - West Harrison, IN.xlsx | New file (3.6 MB)
2025-10-20 12:00:04,365 - INFO - JOB:35042 | NEW | 3. Engineering\Releases\Heater Release v2.23 - 35042 - Whitewater Processing - West Harrison, IN.xlsx | New file (3.6 MB)
2025-10-20 12:00:06,539 - INFO - JOB:35042 | UPDATED | 3. Engineering\Releases\WIP - Mechanical Release 2.05 - 35042 - Whitewater Processing - West Harrison, IN.xlsx | Content changed & File modified
2025-10-20 12:00:06,540 - INFO - JOB:35042 | UPDATED | 3. Engineering\Releases\WIP - Mechanical Release 2.05 - 35042 - Whitewater Processing - West Harrison, IN.xlsx | Content changed & File modified
2025-10-20 12:00:19,618 - INFO - JOB:35042 | DELETED | 3. Engineering\General Design\WIP - NPSH Calculations (HDP) - 35042 - Whitewater Processing - West Harrison, IN.xlsx | File removed from project
2025-10-20 12:00:19,619 - INFO - JOB:35042 | DELETED | 3. Engineering\General Design\WIP - Heater Design - 35042 - Whitewater Processing - West Harrison, IN.xlsx | File removed from project
2025-10-20 12:00:19,620 - INFO - JOB:35042 | DELETED | 3. Engineering\Releases\WIP - Heater Release v2.23 - 35042 - Whitewater Processing - West Harrison, IN.xlsx | File removed from project
2025-10-20 12:00:19,620 - INFO - JOB:35042 | DELETED | 3. Engineering\General Design\WIP - Nozzle Selection - 35042 - Whitewater Processing - West Harrison, IN.xlsx | File removed from project
2025-10-20 12:02:01,873 - INFO - JOB:35394 | UPDATED | 4. Drafting\Systems\21-2703 Control Panel Assembly.dwg | Content changed & File modified
2025-10-20 12:02:05,536 - INFO - JOB:35394 | UPDATED | 4. Drafting\Systems\35394-07 Heater Wiring Diagram.dwg | Content changed & File modified
2025-10-20 12:02:06,160 - INFO - JOB:35394 | UPDATED | 4. Drafting\Systems\42-3197, TE100 Heater JB, YP148 Single Burner Assembly.dwg | Content changed & File modified
2025-10-20 12:02:09,474 - INFO - JOB:35394 | UPDATED | 4. Drafting\Systems\plot.log | Content changed & File modified
2025-10-20 12:02:09,814 - INFO - JOB:35394 | NEW | 4. Drafting\Systems\SHOPTRANS HTRWIRING.dwg | New file (79.7 KB)
2025-10-20 12:02:17,498 - INFO - JOB:35394 | NEW | Status Reports\35394-Notes-2025-10-20_1017AM.xlsx | New file (5.5 KB)
2025-10-20 12:04:24,313 - INFO - JOB:35354 | NEW | 4. Drafting\Systems\35354 OZINGA TRUCK LAYOUT.pdf | New file (390.4 KB)
2025-10-20 12:04:24,313 - INFO - JOB:35354 | NEW | 4. Drafting\Systems\35354 OZINGA TRUCK LAYOUT.pdf | New file (390.4 KB)
2025-10-20 12:06:07,354 - INFO - JOB:35354 | UPDATED | 4. Drafting\Systems\plot.log | Content changed & File modified
2025-10-20 12:06:07,354 - INFO - JOB:35354 | UPDATED | 4. Drafting\Systems\plot.log | Content changed & File modified
2025-10-20 12:06:27,532 - INFO - JOB:35354 | DELETED | 4. Drafting\Systems\42-3249 HTR ASSY.bak | File removed from project
2025-10-20 12:06:27,534 - INFO - JOB:35354 | DELETED | 4. Drafting\Systems\42-3248 SCHEMATIC FLOW.bak | File removed from project
2025-10-20 12:06:27,535 - INFO - JOB:35354 | DELETED | 4. Drafting\Package\TRANS PKG 10.06.25.bak | File removed from project
2025-10-20 12:06:27,536 - INFO - JOB:35354 | DELETED | 4. Drafting\Systems\35354 OZINGA TRUCK LAYOUT.bak | File removed from project
2025-10-20 12:06:27,537 - INFO - JOB:35354 | DELETED | 4. Drafting\Systems\21-2702 EQUIPMENT LAYOUT.bak | File removed from project
2025-10-20 12:06:27,537 - INFO - JOB:35354 | DELETED | 4. Drafting\Fabs\35354-01 TRANSMITTAL NOTICE 10-10-2025.bak | File removed from project
2025-10-20 12:06:27,539 - INFO - JOB:35354 | DELETED | 4. Drafting\Systems\SHOPTRANS HTRWIRING.bak | File removed from project
2025-10-20 12:06:27,539 - INFO - JOB:35354 | DELETED | 4. Drafting\Systems\35354-06 HTRWIRING.bak | File removed from project
2025-10-20 12:09:32,282 - INFO - JOB:35371 | NEW | 3. Engineering\Markups\20251020 System Print Markups - 35371 - Brakebush Brothers - Hartwell, GA.pdf | New file (4.4 MB)
2025-10-20 12:09:32,282 - INFO - JOB:35371 | NEW | 3. Engineering\Markups\20251020 System Print Markups - 35371 - Brakebush Brothers - Hartwell, GA.pdf | New file (4.4 MB)
2025-10-20 12:09:36,259 - INFO - JOB:35371 | NEW | 3. Engineering\Releases\20251017 Heater Release v2.23 - 35371 - Brakebush Brothers - Hartwell, GA.xlsx | New file (3.6 MB)
2025-10-20 12:09:36,259 - INFO - JOB:35371 | NEW | 3. Engineering\Releases\20251017 Heater Release v2.23 - 35371 - Brakebush Brothers - Hartwell, GA.xlsx | New file (3.6 MB)
2025-10-20 12:09:39,831 - INFO - JOB:35371 | NEW | 3. Engineering\Releases\20251017 LL Parts By Finished Good - 35371 - Brakebush Brothers - Hartwell, GA.xlsx | New file (4.4 MB)
2025-10-20 12:09:39,831 - INFO - JOB:35371 | NEW | 3. Engineering\Releases\20251017 LL Parts By Finished Good - 35371 - Brakebush Brothers - Hartwell, GA.xlsx | New file (4.4 MB)
2025-10-20 12:09:44,148 - INFO - JOB:35371 | NEW | 3. Engineering\Releases\20251017 Mechanical Release 2.05 - 35371 - Brakebush Brothers - Hartwell, GA.xlsx | New file (4.8 MB)
2025-10-20 12:09:44,148 - INFO - JOB:35371 | NEW | 3. Engineering\Releases\20251017 Mechanical Release 2.05 - 35371 - Brakebush Brothers - Hartwell, GA.xlsx | New file (4.8 MB)
2025-10-20 12:10:21,487 - INFO - JOB:35371 | NEW | 4. Drafting\Fabs\HTR\35371-01 HTR 84X12 FGR.idw.dwf | New file (6.4 MB)
2025-10-20 12:10:21,487 - INFO - JOB:35371 | NEW | 4. Drafting\Fabs\HTR\35371-01 HTR 84X12 FGR.idw.dwf | New file (6.4 MB)
2025-10-20 12:10:36,250 - INFO - JOB:35371 | NEW | 4. Drafting\Fabs\HTR\35371-02 HEATER FGR ASSY.iam.dwf | New file (38.9 MB)
2025-10-20 12:10:36,250 - INFO - JOB:35371 | NEW | 4. Drafting\Fabs\HTR\35371-02 HEATER FGR ASSY.iam.dwf | New file (38.9 MB)
2025-10-20 12:10:37,235 - INFO - JOB:35371 | NEW | 4. Drafting\Fabs\HTR\35371-02 HEATER FGR ASSY.idw.dwf | New file (1.2 MB)
2025-10-20 12:10:37,235 - INFO - JOB:35371 | NEW | 4. Drafting\Fabs\HTR\35371-02 HEATER FGR ASSY.idw.dwf | New file (1.2 MB)
2025-10-20 12:10:38,238 - INFO - JOB:35371 | NEW | 4. Drafting\Fabs\HTR\35371-02.1 FGR STACK 16.iam.dwf | New file (305.4 KB)
2025-10-20 12:10:38,245 - INFO - JOB:35371 | NEW | 4. Drafting\Fabs\HTR\35371-02.1 FGR STACK 16.iam.dwf | New file (305.4 KB)
2025-10-20 12:10:38,971 - INFO - JOB:35371 | NEW | 4. Drafting\Fabs\HTR\35371-02.1 FGR STACK 16.idw.dwf | New file (233.8 KB)
2025-10-20 12:10:38,972 - INFO - JOB:35371 | NEW | 4. Drafting\Fabs\HTR\35371-02.1 FGR STACK 16.idw.dwf | New file (233.8 KB)
2025-10-20 12:10:39,700 - INFO - JOB:35371 | NEW | 4. Drafting\Fabs\HTR\35371-02.2 FGR PIPING.iam.dwf | New file (394.7 KB)
2025-10-20 12:10:39,700 - INFO - JOB:35371 | NEW | 4. Drafting\Fabs\HTR\35371-02.2 FGR PIPING.iam.dwf | New file (394.7 KB)
2025-10-20 12:10:40,391 - INFO - JOB:35371 | NEW | 4. Drafting\Fabs\HTR\35371-02.2 FGR PIPING.idw.dwf | New file (377.6 KB)
2025-10-20 12:10:40,392 - INFO - JOB:35371 | NEW | 4. Drafting\Fabs\HTR\35371-02.2 FGR PIPING.idw.dwf | New file (377.6 KB)
2025-10-20 12:10:41,141 - INFO - JOB:35371 | NEW | 4. Drafting\Fabs\HTR\35371-02.3 BLOWER INLET ASSY.iam.dwf | New file (633.3 KB)
2025-10-20 12:10:41,141 - INFO - JOB:35371 | NEW | 4. Drafting\Fabs\HTR\35371-02.3 BLOWER INLET ASSY.iam.dwf | New file (633.3 KB)
2025-10-20 12:10:41,832 - INFO - JOB:35371 | NEW | 4. Drafting\Fabs\HTR\35371-02.3 BLOWER INLET ASSY.idw.dwf | New file (250.8 KB)
2025-10-20 12:10:41,833 - INFO - JOB:35371 | NEW | 4. Drafting\Fabs\HTR\35371-02.3 BLOWER INLET ASSY.idw.dwf | New file (250.8 KB)
2025-10-20 12:10:42,749 - INFO - JOB:35371 | NEW | 4. Drafting\Fabs\HTR\35371-02.4 BLOWER DUCT.iam.dwf | New file (559.9 KB)
2025-10-20 12:10:42,762 - INFO - JOB:35371 | NEW | 4. Drafting\Fabs\HTR\35371-02.4 BLOWER DUCT.iam.dwf | New file (559.9 KB)
2025-10-20 12:10:43,475 - INFO - JOB:35371 | NEW | 4. Drafting\Fabs\HTR\35371-02.4 BLOWER DUCT.idw.dwf | New file (320.7 KB)
2025-10-20 12:10:43,476 - INFO - JOB:35371 | NEW | 4. Drafting\Fabs\HTR\35371-02.4 BLOWER DUCT.idw.dwf | New file (320.7 KB)
2025-10-20 12:10:44,427 - INFO - JOB:35371 | NEW | 4. Drafting\Fabs\HTR\35371-02.5 BELLMOUNT DUCT.iam.dwf | New file (383.1 KB)
2025-10-20 12:10:44,427 - INFO - JOB:35371 | NEW | 4. Drafting\Fabs\HTR\35371-02.5 BELLMOUNT DUCT.iam.dwf | New file (383.1 KB)
2025-10-20 12:10:45,158 - INFO - JOB:35371 | NEW | 4. Drafting\Fabs\HTR\35371-02.5 BELLMOUNT DUCT.idw.dwf | New file (221.4 KB)
2025-10-20 12:10:45,159 - INFO - JOB:35371 | NEW | 4. Drafting\Fabs\HTR\35371-02.5 BELLMOUNT DUCT.idw.dwf | New file (221.4 KB)
2025-10-20 12:10:45,724 - INFO - JOB:35371 | NEW | 4. Drafting\Fabs\HTR\35371-02.6 FGR DUCT.iam.dwf | New file (115.2 KB)
2025-10-20 12:10:45,727 - INFO - JOB:35371 | NEW | 4. Drafting\Fabs\HTR\35371-02.6 FGR DUCT.iam.dwf | New file (115.2 KB)
2025-10-20 12:10:46,423 - INFO - JOB:35371 | NEW | 4. Drafting\Fabs\HTR\35371-02.6 FGR DUCT.idw.dwf | New file (205.4 KB)
2025-10-20 12:10:46,423 - INFO - JOB:35371 | NEW | 4. Drafting\Fabs\HTR\35371-02.6 FGR DUCT.idw.dwf | New file (205.4 KB)
2025-10-20 12:10:47,260 - INFO - JOB:35371 | NEW | 4. Drafting\Fabs\HTR\35371-02.7 FGR STAND.iam.dwf | New file (121.9 KB)
2025-10-20 12:10:47,261 - INFO - JOB:35371 | NEW | 4. Drafting\Fabs\HTR\35371-02.7 FGR STAND.iam.dwf | New file (121.9 KB)
2025-10-20 12:10:48,740 - INFO - JOB:35371 | NEW | 4. Drafting\Fabs\HTR\35371-02.7 FGR STAND.idw.dwf | New file (199.9 KB)
2025-10-20 12:10:48,740 - INFO - JOB:35371 | NEW | 4. Drafting\Fabs\HTR\35371-02.7 FGR STAND.idw.dwf | New file (199.9 KB)
2025-10-20 12:10:49,363 - INFO - JOB:35371 | NEW | 4. Drafting\Fabs\HTR\35371-02.8 FGR SUPPORT.iam.dwf | New file (139.4 KB)
2025-10-20 12:10:49,364 - INFO - JOB:35371 | NEW | 4. Drafting\Fabs\HTR\35371-02.8 FGR SUPPORT.iam.dwf | New file (139.4 KB)
2025-10-20 12:10:50,330 - INFO - JOB:35371 | NEW | 4. Drafting\Fabs\HTR\35371-02.8 FGR SUPPORT.idw.dwf | New file (211.7 KB)
2025-10-20 12:10:50,330 - INFO - JOB:35371 | NEW | 4. Drafting\Fabs\HTR\35371-02.8 FGR SUPPORT.idw.dwf | New file (211.7 KB)
2025-10-20 12:11:05,651 - INFO - JOB:35371 | NEW | 4. Drafting\Fabs\HTR\FINAL FABRICATION & ASSEMBLY.iam.dwf | New file (37.9 MB)
2025-10-20 12:11:05,651 - INFO - JOB:35371 | NEW | 4. Drafting\Fabs\HTR\FINAL FABRICATION & ASSEMBLY.iam.dwf | New file (37.9 MB)
2025-10-20 12:11:09,622 - INFO - JOB:35371 | NEW | 4. Drafting\Fabs\HTR\GAS TRAIN.iam.dwf | New file (5.9 MB)
2025-10-20 12:11:09,623 - INFO - JOB:35371 | NEW | 4. Drafting\Fabs\HTR\GAS TRAIN.iam.dwf | New file (5.9 MB)
2025-10-20 12:11:10,252 - INFO - JOB:35371 | NEW | 4. Drafting\Fabs\HTR\FGR PARTS\FGR INLET FLANGE 1.ipt.dwf | New file (116.8 KB)
2025-10-20 12:11:10,253 - INFO - JOB:35371 | NEW | 4. Drafting\Fabs\HTR\FGR PARTS\FGR INLET FLANGE 1.ipt.dwf | New file (116.8 KB)
2025-10-20 12:11:11,454 - INFO - JOB:35371 | NEW | 4. Drafting\Fabs\HTR\HEATER FINAL SUBASSEMBLIES\WELDMENT FABRICATION & ASSEMBLY.iam.dwf | New file (1.2 MB)
2025-10-20 12:11:11,455 - INFO - JOB:35371 | NEW | 4. Drafting\Fabs\HTR\HEATER FINAL SUBASSEMBLIES\WELDMENT FABRICATION & ASSEMBLY.iam.dwf | New file (1.2 MB)
2025-10-20 12:11:14,012 - INFO - JOB:35371 | UPDATED | 4. Drafting\Fabs\HTR\HEATER WELDMENT SUBASSEMBLIES\STACK ASSEMBLY\HEATER STACK ASSEMBLY.iam.dwf | Content changed & File modified
2025-10-20 12:11:14,013 - INFO - JOB:35371 | UPDATED | 4. Drafting\Fabs\HTR\HEATER WELDMENT SUBASSEMBLIES\STACK ASSEMBLY\HEATER STACK ASSEMBLY.iam.dwf | Content changed & File modified
2025-10-20 12:11:20,400 - INFO - JOB:35371 | UPDATED | 4. Drafting\Fabs\HWT2\Tank Full Assembly.iam.dwf | Content changed & File modified
2025-10-20 12:11:20,402 - INFO - JOB:35371 | UPDATED | 4. Drafting\Fabs\HWT2\Tank Full Assembly.iam.dwf | Content changed & File modified
2025-10-20 12:11:21,862 - INFO - JOB:35371 | UPDATED | 4. Drafting\Fabs\HWT2\Tank Shell Assembly.iam.dwf | Content changed & File modified
2025-10-20 12:11:21,863 - INFO - JOB:35371 | UPDATED | 4. Drafting\Fabs\HWT2\Tank Shell Assembly.iam.dwf | Content changed & File modified
2025-10-20 12:11:22,851 - INFO - JOB:35371 | UPDATED | 4. Drafting\Fabs\HWT2\Heater External Support\Heater External Supports.iam.dwf | Content changed & File modified
2025-10-20 12:11:22,852 - INFO - JOB:35371 | UPDATED | 4. Drafting\Fabs\HWT2\Heater External Support\Heater External Supports.iam.dwf | Content changed & File modified
2025-10-20 12:11:23,485 - INFO - JOB:35371 | UPDATED | 4. Drafting\Fabs\HWT2\Parts\BOTTOM PLATE.ipt.dwf | Content changed & File modified
2025-10-20 12:11:23,487 - INFO - JOB:35371 | UPDATED | 4. Drafting\Fabs\HWT2\Parts\BOTTOM PLATE.ipt.dwf | Content changed & File modified
2025-10-20 12:11:27,876 - INFO - JOB:35371 | UPDATED | 4. Drafting\Fabs\HWT2\Parts\TOP PLATE.ipt.dwf | Content changed & File modified
2025-10-20 12:11:27,876 - INFO - JOB:35371 | UPDATED | 4. Drafting\Fabs\HWT2\Parts\TOP PLATE.ipt.dwf | Content changed & File modified
2025-10-20 12:11:33,428 - INFO - JOB:35371 | NEW | 4. Drafting\Fabs\HWT2\Sub Assemblies\Side Manway\1012838-02.iam.dwf | New file (126.1 KB)
2025-10-20 12:11:33,429 - INFO - JOB:35371 | NEW | 4. Drafting\Fabs\HWT2\Sub Assemblies\Side Manway\1012838-02.iam.dwf | New file (126.1 KB)
2025-10-20 12:11:45,649 - INFO - JOB:35371 | NEW | 4. Drafting\Fabs\STACK\1047287 30X10 FOE.idw.dwf | New file (207.4 KB)
2025-10-20 12:11:45,650 - INFO - JOB:35371 | NEW | 4. Drafting\Fabs\STACK\1047287 30X10 FOE.idw.dwf | New file (207.4 KB)
2025-10-20 12:11:46,539 - INFO - JOB:35371 | NEW | 4. Drafting\Fabs\STACK\1058623 STACK CAP 30.idw.dwf | New file (1007.8 KB)
2025-10-20 12:11:46,539 - INFO - JOB:35371 | NEW | 4. Drafting\Fabs\STACK\1058623 STACK CAP 30.idw.dwf | New file (1007.8 KB)
2025-10-20 12:11:47,147 - INFO - JOB:35371 | NEW | 4. Drafting\Fabs\STACK\1058623-10 STACK CAP & STACK.iam.dwf | New file (158.8 KB)
2025-10-20 12:11:47,147 - INFO - JOB:35371 | NEW | 4. Drafting\Fabs\STACK\1058623-10 STACK CAP & STACK.iam.dwf | New file (158.8 KB)
2025-10-20 12:11:47,860 - INFO - JOB:35371 | NEW | 4. Drafting\Fabs\STACK\1058623-10 STACK CAP & STACK.idw.dwf | New file (254.3 KB)
2025-10-20 12:11:47,860 - INFO - JOB:35371 | NEW | 4. Drafting\Fabs\STACK\1058623-10 STACK CAP & STACK.idw.dwf | New file (254.3 KB)
2025-10-20 12:11:51,056 - INFO - JOB:35371 | NEW | 4. Drafting\Package\35371-04 HTR D-PMP.iam.dwf | New file (7.9 MB)
2025-10-20 12:11:51,057 - INFO - JOB:35371 | NEW | 4. Drafting\Package\35371-04 HTR D-PMP.iam.dwf | New file (7.9 MB)
2025-10-20 12:11:51,798 - INFO - JOB:35371 | NEW | 4. Drafting\Package\35371-04 HTR D-PMP.idw.dwf | New file (519.3 KB)
2025-10-20 12:11:51,800 - INFO - JOB:35371 | NEW | 4. Drafting\Package\35371-04 HTR D-PMP.idw.dwf | New file (519.3 KB)
2025-10-20 12:11:52,507 - INFO - JOB:35371 | NEW | 4. Drafting\Package\35371-04.1 HTR D-PMP 1PC FRM.iam.dwf | New file (250.8 KB)
2025-10-20 12:11:52,508 - INFO - JOB:35371 | NEW | 4. Drafting\Package\35371-04.1 HTR D-PMP 1PC FRM.iam.dwf | New file (250.8 KB)
2025-10-20 12:11:53,174 - INFO - JOB:35371 | NEW | 4. Drafting\Package\HI4040FG.idw.dwf | New file (264.0 KB)
2025-10-20 12:11:53,174 - INFO - JOB:35371 | NEW | 4. Drafting\Package\HI4040FG.idw.dwf | New file (264.0 KB)
2025-10-20 12:11:53,916 - INFO - JOB:35371 | NEW | 4. Drafting\Package\VNS4040P.idw.dwf | New file (278.1 KB)
2025-10-20 12:11:53,917 - INFO - JOB:35371 | NEW | 4. Drafting\Package\VNS4040P.idw.dwf | New file (278.1 KB)
2025-10-20 12:11:54,641 - INFO - JOB:35371 | NEW | 4. Drafting\Package\VNS4040PM.idw.dwf | New file (285.9 KB)
2025-10-20 12:11:54,656 - INFO - JOB:35371 | NEW | 4. Drafting\Package\VNS4040PM.idw.dwf | New file (285.9 KB)
2025-10-20 12:11:55,627 - INFO - JOB:35371 | NEW | 4. Drafting\Package\35371-04.1 HTR D-PLX SKID\SKID BASE D-PLEX.ipt.dwf | New file (156.2 KB)
2025-10-20 12:11:55,644 - INFO - JOB:35371 | NEW | 4. Drafting\Package\35371-04.1 HTR D-PLX SKID\SKID BASE D-PLEX.ipt.dwf | New file (156.2 KB)
2025-10-20 12:12:01,724 - INFO - JOB:35371 | UPDATED | 4. Drafting\Systems\21-2717 HWT B.idw.dwf | Content changed & File modified
2025-10-20 12:12:01,725 - INFO - JOB:35371 | UPDATED | 4. Drafting\Systems\21-2717 HWT B.idw.dwf | Content changed & File modified
2025-10-20 12:12:02,514 - INFO - JOB:35371 | UPDATED | 4. Drafting\Systems\21-2717 HWT B.pdf | Content changed & File modified
2025-10-20 12:12:02,515 - INFO - JOB:35371 | UPDATED | 4. Drafting\Systems\21-2717 HWT B.pdf | Content changed & File modified
2025-10-20 12:12:03,035 - INFO - JOB:35371 | UPDATED | 4. Drafting\Systems\42-3255 SCHEMATIC FLOW.dwg | Content changed & File modified
2025-10-20 12:12:03,041 - INFO - JOB:35371 | UPDATED | 4. Drafting\Systems\42-3255 SCHEMATIC FLOW.dwg | Content changed & File modified
2025-10-20 12:12:03,931 - INFO - JOB:35371 | NEW | 4. Drafting\Systems\42-3255 SCHEMATIC FLOW.pdf | New file (700.5 KB)
2025-10-20 12:12:03,931 - INFO - JOB:35371 | NEW | 4. Drafting\Systems\42-3255 SCHEMATIC FLOW.pdf | New file (700.5 KB)
2025-10-20 12:12:05,525 - INFO - JOB:35371 | UPDATED | 4. Drafting\Systems\42-3256 EQUIPMENT LAYOUT.dwg | Content changed & File modified
2025-10-20 12:12:05,525 - INFO - JOB:35371 | UPDATED | 4. Drafting\Systems\42-3256 EQUIPMENT LAYOUT.dwg | Content changed & File modified
2025-10-20 12:12:06,355 - INFO - JOB:35371 | NEW | 4. Drafting\Systems\42-3256 EQUIPMENT LAYOUT.pdf | New file (573.2 KB)
2025-10-20 12:12:06,359 - INFO - JOB:35371 | NEW | 4. Drafting\Systems\42-3256 EQUIPMENT LAYOUT.pdf | New file (573.2 KB)
2025-10-20 12:12:09,588 - INFO - JOB:35371 | UPDATED | 4. Drafting\Systems\42-3257 HEATER ASSY.dwg | Content changed & File modified
2025-10-20 12:12:09,589 - INFO - JOB:35371 | UPDATED | 4. Drafting\Systems\42-3257 HEATER ASSY.dwg | Content changed & File modified
2025-10-20 12:12:10,768 - INFO - JOB:35371 | NEW | 4. Drafting\Systems\42-3257 HEATER ASSY.pdf | New file (1.3 MB)
2025-10-20 12:12:10,768 - INFO - JOB:35371 | NEW | 4. Drafting\Systems\42-3257 HEATER ASSY.pdf | New file (1.3 MB)
2025-10-20 12:12:11,248 - INFO - JOB:35371 | NEW | 4. Drafting\Systems\plot.log | New file (0.8 KB)
2025-10-20 12:12:11,248 - INFO - JOB:35371 | NEW | 4. Drafting\Systems\plot.log | New file (0.8 KB)
2025-10-20 12:12:12,171 - INFO - JOB:35371 | NEW | 4. Drafting\Systems\DWF and PDF\42-3256 EQUIPMENT LAYOUT-Model.pdf | New file (508.6 KB)
2025-10-20 12:12:12,172 - INFO - JOB:35371 | NEW | 4. Drafting\Systems\DWF and PDF\42-3256 EQUIPMENT LAYOUT-Model.pdf | New file (508.6 KB)
2025-10-20 12:12:20,909 - INFO - JOB:35371 | DELETED | 4. Drafting\Systems\42-3255 SCHEMATIC FLOW.dwl | File removed from project
2025-10-20 12:12:20,910 - INFO - JOB:35371 | DELETED | 4. Drafting\Systems\42-3257 HEATER ASSY.dwl | File removed from project
2025-10-20 12:12:20,910 - INFO - JOB:35371 | DELETED | 4. Drafting\Systems\42-3255 SCHEMATIC FLOW.dwl2 | File removed from project
2025-10-20 12:12:20,911 - INFO - JOB:35371 | DELETED | 4. Drafting\Systems\42-3257 HEATER ASSY.dwl2 | File removed from project
2025-10-20 12:12:20,911 - INFO - JOB:35371 | DELETED | 4. Drafting\Systems\42-3256 EQUIPMENT LAYOUT.dwl | File removed from project
2025-10-20 12:12:20,911 - INFO - JOB:35371 | DELETED | 3. Engineering\Releases\Heater Release v2.23 - 35371 - Brakebush Brotheres - Hartwell, GA.xlsx | File removed from project
2025-10-20 12:12:20,912 - INFO - JOB:35371 | DELETED | 3. Engineering\Releases\Mechanical Release 2.05 - 35371 - Brakebush Brotheres - Hartwell, GA.xlsx | File removed from project
2025-10-20 12:12:20,914 - INFO - JOB:35371 | DELETED | 4. Drafting\Systems\42-3256 EQUIPMENT LAYOUT.dwl2 | File removed from project
2025-10-20 12:13:44,202 - INFO - JOB:35351 | UPDATED | KOM AND OC FORM.xlsx | Content changed & File modified
2025-10-20 12:13:44,202 - INFO - JOB:35351 | UPDATED | KOM AND OC FORM.xlsx | Content changed & File modified
2025-10-20 12:15:11,478 - INFO - JOB:35332 | NEW | 3. Engineering\Correspondence\EXT_RE_ Kemco Project 35332 - McCurdy's Laundry - Mechanical Approval Prints.msg | New file (2.1 MB)
2025-10-20 12:15:11,478 - INFO - JOB:35332 | NEW | 3. Engineering\Correspondence\EXT_RE_ Kemco Project 35332 - McCurdy's Laundry - Mechanical Approval Prints.msg | New file (2.1 MB)
2025-10-20 12:16:46,938 - INFO - JOB:35332 | DELETED | 4. Drafting\Systems\42-3252 SCHEMATIC FLOW.bak | File removed from project
2025-10-20 12:16:46,939 - INFO - JOB:35332 | DELETED | 4. Drafting\Fabs\HWT\35332 McCurdy's Laundry-TRANSMITTAL NOTICE.bak | File removed from project
2025-10-20 12:16:46,940 - INFO - JOB:35332 | DELETED | 4. Drafting\Systems\35332-05, Wiring Diagram.bak | File removed from project
2025-10-20 12:16:46,941 - INFO - JOB:35332 | DELETED | 4. Drafting\Fabs\35332 TRANMITTAL NOTICE.bak | File removed from project
2025-10-20 12:16:46,942 - INFO - JOB:35332 | DELETED | 4. Drafting\Systems\21-2706 EQUIPMENT LAYOUT.bak | File removed from project
2025-10-20 12:31:48,887 - INFO - Project File Monitor started
